2022-05-10T14:40:01+00:00 CRITICAL Uncaught Error: Call to undefined function _price() in /Applications/MAMP/htdocs/wordpress_nhom2/wordpress/wp-content/themes/mytheme/template-parts/content/index-product.php:24
Stack trace:
#0 /Applications/MAMP/htdocs/wordpress_nhom2/wordpress/wp-includes/template.php(772): require()
#1 /Applications/MAMP/htdocs/wordpress_nhom2/wordpress/wp-includes/template.php(716): load_template('/Applications/M...', false, Array)
#2 /Applications/MAMP/htdocs/wordpress_nhom2/wordpress/wp-includes/general-template.php(204): locate_template(Array, true, false, Array)
#3 /Applications/MAMP/htdocs/wordpress_nhom2/wordpress/wp-content/themes/mytheme/index.php(9): get_template_part('template-parts/...')
#4 /Applications/MAMP/htdocs/wordpress_nhom2/wordpress/wp-includes/template-loader.php(106): include('/Applications/M...')
#5 /Applications/MAMP/htdocs/wordpress_nhom2/wordpress/wp-blog-header.php(19): require_once('/Applications/M...')
#6 /Applications/MAMP/htdocs/wordpress_nhom2/wordpress/index.php(17): require('/Applications/M...')
#7 {main}
  thrown in /Applications/MAMP/htdocs/wordpress_nhom2/wordpress/wp-content/themes/mytheme/template-parts/content/index-product.php on line 24

2022-05-10T15:20:13+00:00 CRITICAL syntax error, unexpected token ";", expecting ")" in /Applications/MAMP/htdocs/wordpress_nhom2/wordpress/wp-content/themes/mytheme/template-parts/header/site-nav.php on line 6

2022-05-10T15:20:29+00:00 CRITICAL syntax error, unexpected identifier "_", expecting ")" in /Applications/MAMP/htdocs/wordpress_nhom2/wordpress/wp-content/themes/mytheme/template-parts/header/site-nav.php on line 6

2022-05-10T15:20:32+00:00 CRITICAL syntax error, unexpected identifier "_", expecting ")" in /Applications/MAMP/htdocs/wordpress_nhom2/wordpress/wp-content/themes/mytheme/template-parts/header/site-nav.php on line 6

2022-05-10T15:24:28+00:00 CRITICAL Unmatched ')' in /Applications/MAMP/htdocs/wordpress_nhom2/wordpress/wp-content/themes/mytheme/template-parts/header/site-nav.php on line 6

2022-05-10T15:24:49+00:00 CRITICAL Unmatched ')' in /Applications/MAMP/htdocs/wordpress_nhom2/wordpress/wp-content/themes/mytheme/template-parts/header/site-nav.php on line 6

2022-05-10T15:24:49+00:00 CRITICAL Unmatched ')' in /Applications/MAMP/htdocs/wordpress_nhom2/wordpress/wp-content/themes/mytheme/template-parts/header/site-nav.php on line 6

2022-05-10T15:24:49+00:00 CRITICAL Unmatched ')' in /Applications/MAMP/htdocs/wordpress_nhom2/wordpress/wp-content/themes/mytheme/template-parts/header/site-nav.php on line 6

2022-05-10T15:25:09+00:00 CRITICAL Unmatched ')' in /Applications/MAMP/htdocs/wordpress_nhom2/wordpress/wp-content/themes/mytheme/template-parts/header/site-nav.php on line 6

2022-05-10T15:25:09+00:00 CRITICAL Unmatched ')' in /Applications/MAMP/htdocs/wordpress_nhom2/wordpress/wp-content/themes/mytheme/template-parts/header/site-nav.php on line 6

2022-05-10T15:25:09+00:00 CRITICAL Unmatched ')' in /Applications/MAMP/htdocs/wordpress_nhom2/wordpress/wp-content/themes/mytheme/template-parts/header/site-nav.php on line 6

2022-05-10T15:28:28+00:00 CRITICAL Unmatched ')' in /Applications/MAMP/htdocs/wordpress_nhom2/wordpress/wp-content/themes/mytheme/template-parts/header/site-nav.php on line 6

2022-05-10T15:28:33+00:00 CRITICAL Unmatched ')' in /Applications/MAMP/htdocs/wordpress_nhom2/wordpress/wp-content/themes/mytheme/template-parts/header/site-nav.php on line 6

2022-05-10T15:28:53+00:00 CRITICAL Unmatched ')' in /Applications/MAMP/htdocs/wordpress_nhom2/wordpress/wp-content/themes/mytheme/template-parts/header/site-nav.php on line 6

2022-05-10T15:29:17+00:00 CRITICAL Uncaught ArgumentCountError: Too few arguments to function esc_url(), 0 passed in /Applications/MAMP/htdocs/wordpress_nhom2/wordpress/wp-content/themes/mytheme/template-parts/header/site-nav.php on line 6 and at least 1 expected in /Applications/MAMP/htdocs/wordpress_nhom2/wordpress/wp-includes/formatting.php:4313
Stack trace:
#0 /Applications/MAMP/htdocs/wordpress_nhom2/wordpress/wp-content/themes/mytheme/template-parts/header/site-nav.php(6): esc_url()
#1 /Applications/MAMP/htdocs/wordpress_nhom2/wordpress/wp-includes/template.php(772): require('/Applications/M...')
#2 /Applications/MAMP/htdocs/wordpress_nhom2/wordpress/wp-includes/template.php(716): load_template('/Applications/M...', false, Array)
#3 /Applications/MAMP/htdocs/wordpress_nhom2/wordpress/wp-includes/general-template.php(204): locate_template(Array, true, false, Array)
#4 /Applications/MAMP/htdocs/wordpress_nhom2/wordpress/wp-content/themes/mytheme/template-parts/header/site-header.php(8): get_template_part('template-parts/...')
#5 /Applications/MAMP/htdocs/wordpress_nhom2/wordpress/wp-includes/template.php(772): require('/Applications/M...')
#6 /Applications/MAMP/htdocs/wordpress_nhom2/wordpress/wp-includes/template.php(716): load_template('/Applications/M...', false, Array)
#7 /Applications/MAMP/htdocs/wordpress_nhom2/wordpress/wp-includes/general-template.php(204): locate_template(Array, true, false, Array)
#8 /Applications/MAMP/htdocs/wordpress_nhom2/wordpress/wp-content/themes/mytheme/header.php(32): get_template_part('template-parts/...')
#9 /Applications/MAMP/htdocs/wordpress_nhom2/wordpress/wp-includes/template.php(770): require_once('/Applications/M...')
#10 /Applications/MAMP/htdocs/wordpress_nhom2/wordpress/wp-includes/template.php(716): load_template('/Applications/M...', true, Array)
#11 /Applications/MAMP/htdocs/wordpress_nhom2/wordpress/wp-includes/general-template.php(48): locate_template(Array, true, true, Array)
#12 /Applications/MAMP/htdocs/wordpress_nhom2/wordpress/wp-content/themes/mytheme/index.php(2): get_header()
#13 /Applications/MAMP/htdocs/wordpress_nhom2/wordpress/wp-includes/template-loader.php(106): include('/Applications/M...')
#14 /Applications/MAMP/htdocs/wordpress_nhom2/wordpress/wp-blog-header.php(19): require_once('/Applications/M...')
#15 /Applications/MAMP/htdocs/wordpress_nhom2/wordpress/index.php(17): require('/Applications/M...')
#16 {main}
  thrown in /Applications/MAMP/htdocs/wordpress_nhom2/wordpress/wp-includes/formatting.php on line 4313

2022-05-10T15:29:24+00:00 CRITICAL syntax error, unexpected token ";" in /Applications/MAMP/htdocs/wordpress_nhom2/wordpress/wp-content/themes/mytheme/template-parts/header/site-nav.php on line 6

